2025-11-21 12:56:06:566 [35mhttp[39m: [35mPOST http://localhost:3000/api/auth/register 201 - 819ms[39m
2025-11-21 12:57:05:575 [35mhttp[39m: [35mPOST http://localhost:3000/api/auth/register 201 - 449ms[39m
2025-11-21 12:58:10:5810 [35mhttp[39m: [35mPOST http://localhost:3000/api/auth/register 201 - 434ms[39m
2025-11-21 12:59:24:5924 [35mhttp[39m: [35mPOST http://localhost:3000/api/auth/register 201 - 694ms[39m
2025-11-21 13:00:01:01 [35mhttp[39m: [35mPOST http://localhost:3000/api/auth/verify-email 400 - 29ms[39m
2025-11-21 13:00:15:015 [35mhttp[39m: [35mPOST http://localhost:3000/api/auth/register 400 - 10ms[39m
2025-11-21 13:01:09:19 [35mhttp[39m: [35mPOST http://localhost:3000/api/auth/login 200 - 528ms[39m
2025-11-21 13:01:30:130 [35mhttp[39m: [35mPOST http://localhost:3000/api/auth/verify-email 400 - 17ms[39m
2025-11-21 13:01:51:151 [35mhttp[39m: [35mPOST http://localhost:3000/api/auth/verify-email 400 - 6ms[39m
2025-11-21 14:08:18:818 [35mhttp[39m: [35mPOST http://localhost:3000/api/auth/register 201 - 1223ms[39m
2025-11-21 14:09:29:929 [35mhttp[39m: [35mPOST http://localhost:3000/api/auth/verify-email 200 - 80ms[39m
2025-11-21 14:10:32:1032 [35mhttp[39m: [35mPOST http://localhost:3000/api/auth/login 401 - 472ms[39m
2025-11-21 14:10:40:1040 [35mhttp[39m: [35mPOST http://localhost:3000/api/auth/login 200 - 436ms[39m
2025-11-21 14:11:49:1149 [35mhttp[39m: [35mPOST http://localhost:3000/api/auth/register 201 - 437ms[39m
2025-11-21 14:12:31:1231 [35mhttp[39m: [35mPOST http://localhost:3000/api/auth/register 422 - 3ms[39m
2025-11-21 14:12:47:1247 [35mhttp[39m: [35mPOST http://localhost:3000/api/auth/register 429 - 0ms[39m
2025-11-21 14:13:44:1344 [35mhttp[39m: [35mPOST http://localhost:3000/api/auth/register 429 - 0ms[39m
2025-11-21 14:14:12:1412 [35mhttp[39m: [35mPOST http://localhost:3000/api/auth/login 200 - 500ms[39m
2025-11-21 14:15:09:159 [35mhttp[39m: [35mPOST http://localhost:3000/api/auth/login 200 - 388ms[39m
2025-11-21 14:15:40:1540 [35mhttp[39m: [35mPOST http://localhost:3000/api/auth/verify-email 200 - 27ms[39m
2025-11-21 14:16:28:1628 [35mhttp[39m: [35mPOST http://localhost:3000/api/auth/resend-verification 429 - 1ms[39m
2025-11-21 14:16:47:1647 [35mhttp[39m: [35mGET http://localhost:3000/api/auth/me 401 - 20ms[39m
2025-11-21 14:16:59:1659 [35mhttp[39m: [35mPOST http://localhost:3000/api/auth/login 200 - 608ms[39m
2025-11-21 14:17:09:179 [35mhttp[39m: [35mGET http://localhost:3000/api/auth/me 401 - 6ms[39m
2025-11-21 14:18:15:1815 [35mhttp[39m: [35mPOST http://localhost:3000/api/auth/refresh 401 - 2ms[39m
2025-11-21 14:18:37:1837 [35mhttp[39m: [35mPOST http://localhost:3000/api/auth/refresh 200 - 17ms[39m
2025-11-21 14:18:55:1855 [35mhttp[39m: [35mGET http://localhost:3000/api/auth/me 401 - 4ms[39m
2025-11-21 14:19:38:1938 [35mhttp[39m: [35mPOST http://localhost:3000/api/auth/forgot-password 429 - 0ms[39m
2025-11-21 14:19:58:1958 [35mhttp[39m: [35mPOST http://localhost:3000/api/auth/login 429 - 1ms[39m
2025-11-21 14:20:10:2010 [35mhttp[39m: [35mPOST http://localhost:3000/api/auth/login 429 - 0ms[39m
2025-11-21 14:20:48:2048 [35mhttp[39m: [35mPOST http://localhost:3000/api/auth/register 429 - 0ms[39m
2025-11-21 14:53:06:536 [35mhttp[39m: [35mPOST http://localhost:3000/api/auth/register 422 - 36ms[39m
2025-11-21 14:55:29:5529 [35mhttp[39m: [35mPOST http://localhost:3000/api/auth/login 200 - 576ms[39m
2025-11-21 14:55:38:5538 [35mhttp[39m: [35mPOST http://localhost:3000/api/auth/logout 401 - 28ms[39m
2025-11-21 14:55:53:5553 [35mhttp[39m: [35mPOST http://localhost:3000/api/auth/logout 401 - 6ms[39m
2025-11-21 14:56:00:560 [35mhttp[39m: [35mPOST http://localhost:3000/api/auth/login 200 - 491ms[39m
2025-11-21 14:56:38:5638 [35mhttp[39m: [35mPOST http://localhost:3000/api/auth/change-password 401 - 5ms[39m
2025-11-21 14:56:49:5649 [35mhttp[39m: [35mPOST http://localhost:3000/api/auth/change-password 401 - 6ms[39m
2025-11-21 14:56:56:5656 [35mhttp[39m: [35mPOST http://localhost:3000/api/auth/change-password 401 - 4ms[39m
2025-11-21 14:57:00:570 [35mhttp[39m: [35mPOST http://localhost:3000/api/auth/login 200 - 437ms[39m
2025-11-21 14:57:05:575 [35mhttp[39m: [35mPOST http://localhost:3000/api/auth/change-password 401 - 5ms[39m
2025-11-21 14:57:27:5727 [35mhttp[39m: [35mPOST http://localhost:3000/api/auth/login 200 - 449ms[39m
2025-11-21 14:57:55:5755 [35mhttp[39m: [35mPOST http://localhost:3000/api/auth/reset-password 429 - 1ms[39m
2025-11-21 14:58:11:5811 [35mhttp[39m: [35mPOST http://localhost:3000/api/auth/refresh 200 - 10ms[39m
2025-11-21 14:58:26:5826 [35mhttp[39m: [35mGET http://localhost:3000/api/auth/me 401 - 11ms[39m
2025-11-21 14:58:38:5838 [35mhttp[39m: [35mGET http://localhost:3000/api/auth/me 401 - 5ms[39m
2025-11-21 15:00:20:020 [35mhttp[39m: [35mPOST http://localhost:3000/api/auth/login 200 - 515ms[39m
2025-11-21 15:00:26:026 [35mhttp[39m: [35mPOST http://localhost:3000/api/auth/logout 401 - 4ms[39m
2025-11-21 19:43:08:438 [35mhttp[39m: [35mPOST http://localhost:3000/api/auth/login 200 - 664ms[39m
2025-11-21 19:43:15:4315 [35mhttp[39m: [35mPOST http://localhost:3000/api/auth/logout 401 - 9ms[39m
2025-11-21 19:43:29:4329 [35mhttp[39m: [35mPOST http://localhost:3000/api/auth/change-password 401 - 6ms[39m
2025-11-21 19:43:52:4352 [35mhttp[39m: [35mPOST http://localhost:3000/api/auth/reset-password 400 - 62ms[39m
2025-11-21 19:44:01:441 [35mhttp[39m: [35mPOST http://localhost:3000/api/auth/forgot-password 200 - 46ms[39m
2025-11-21 19:44:32:4432 [35mhttp[39m: [35mPOST http://localhost:3000/api/auth/resend-verification 429 - 1ms[39m
2025-11-21 19:46:51:4651 [35mhttp[39m: [35mPOST http://localhost:3000/api/auth/verify-email 200 - 21ms[39m
2025-11-21 19:47:07:477 [35mhttp[39m: [35mPOST http://localhost:3000/api/auth/resend-verification 429 - 4ms[39m
2025-11-21 19:49:25:4925 [35mhttp[39m: [35mGET http://localhost:3000/api/auth/me 401 - 96ms[39m
2025-11-21 19:50:13:5013 [35mhttp[39m: [35mPOST http://localhost:3000/api/auth/refresh 200 - 20ms[39m
2025-11-21 20:24:51:2451 [35mhttp[39m: [35mPOST http://localhost:3000/api/auth/register 201 - 5121ms[39m
2025-11-21 20:31:12:3112 [35mhttp[39m: [35mPOST http://localhost:3000/api/auth/login 200 - 6261ms[39m
2025-11-21 20:31:36:3136 [35mhttp[39m: [35mPOST http://localhost:3000/api/auth/register 400 - 4520ms[39m
2025-11-21 20:32:54:3254 [35mhttp[39m: [35mPOST http://localhost:3000/api/auth/verify-email 200 - 29ms[39m
2025-11-21 20:33:19:3319 [35mhttp[39m: [35mPOST http://localhost:3000/api/auth/resend-verification 400 - 6ms[39m
2025-11-21 20:34:02:342 [35mhttp[39m: [35mPOST http://localhost:3000/api/auth/resend-verification 200 - 2683ms[39m
2025-11-21 20:34:49:3449 [35mhttp[39m: [35mGET http://localhost:3000/api/auth/me 401 - 16ms[39m
2025-11-21 20:35:00:350 [35mhttp[39m: [35mPOST http://localhost:3000/api/auth/login 200 - 4751ms[39m
2025-11-21 20:35:28:3528 [35mhttp[39m: [35mGET http://localhost:3000/api/auth/me 401 - 5ms[39m
2025-11-21 20:35:41:3541 [35mhttp[39m: [35mGET http://localhost:3000/api/auth/me 401 - 2ms[39m
2025-11-21 20:35:59:3559 [35mhttp[39m: [35mPOST http://localhost:3000/api/auth/refresh 200 - 4402ms[39m
2025-11-21 20:36:15:3615 [35mhttp[39m: [35mGET http://localhost:3000/api/auth/me 401 - 73ms[39m
2025-11-21 20:36:43:3643 [35mhttp[39m: [35mPOST http://localhost:3000/api/auth/forgot-password 200 - 4399ms[39m
2025-11-21 20:37:20:3720 [35mhttp[39m: [35mPOST http://localhost:3000/api/auth/login 200 - 5072ms[39m
2025-11-21 20:37:47:3747 [35mhttp[39m: [35mPOST http://localhost:3000/api/auth/reset-password 400 - 4397ms[39m
2025-11-21 20:38:09:389 [35mhttp[39m: [35mPOST http://localhost:3000/api/auth/change-password 401 - 6ms[39m
2025-11-21 20:38:19:3819 [35mhttp[39m: [35mPOST http://localhost:3000/api/auth/logout 401 - 5ms[39m
2025-11-21 20:43:38:4338 [35mhttp[39m: [35mPOST http://localhost:3000/api/auth/register 201 - 4992ms[39m
2025-11-21 20:45:30:4530 [35mhttp[39m: [35mGET http://localhost:3000/api/auth/me 401 - 9ms[39m
2025-11-22 08:49:29:4929 [35mhttp[39m: [35mPOST http://localhost:3000/api/auth/register 201 - 5663ms[39m
2025-11-22 08:50:42:5042 [35mhttp[39m: [35mPOST http://localhost:3000/api/auth/resend-verification 200 - 6607ms[39m
2025-11-22 08:51:38:5138 [35mhttp[39m: [35mPOST http://localhost:3000/api/auth/verify-email 200 - 29ms[39m
2025-11-22 08:52:09:529 [35mhttp[39m: [35mGET http://localhost:3000/api/auth/me 401 - 14ms[39m
2025-11-22 08:52:45:5245 [35mhttp[39m: [35mPOST http://localhost:3000/api/auth/login 200 - 5180ms[39m
2025-11-22 08:53:03:533 [35mhttp[39m: [35mGET http://localhost:3000/api/auth/me 401 - 5ms[39m
2025-11-22 08:54:15:5415 [35mhttp[39m: [35mPOST http://localhost:3000/api/auth/refresh 200 - 4426ms[39m
2025-11-22 08:55:01:551 [35mhttp[39m: [35mPOST http://localhost:3000/api/auth/forgot-password 200 - 4509ms[39m
2025-11-22 09:05:10:510 [35mhttp[39m: [35mPOST http://localhost:3000/api/auth/login 200 - 4868ms[39m
2025-11-22 09:05:33:533 [35mhttp[39m: [35mPOST http://localhost:3000/api/auth/reset-password 400 - 4483ms[39m
2025-11-22 09:05:45:545 [35mhttp[39m: [35mPOST http://localhost:3000/api/auth/change-password 401 - 16ms[39m
2025-11-22 09:05:55:555 [35mhttp[39m: [35mPOST http://localhost:3000/api/auth/logout 401 - 6ms[39m
2025-11-22 09:06:45:645 [35mhttp[39m: [35mPOST http://localhost:3000/api/auth/register 201 - 4944ms[39m
2025-11-22 09:07:11:711 [35mhttp[39m: [35mPOST http://localhost:3000/api/auth/login 200 - 4816ms[39m
2025-11-22 09:08:10:810 [35mhttp[39m: [35mPOST http://localhost:3000/api/auth/verify-email 400 - 9ms[39m
2025-11-22 09:08:22:822 [35mhttp[39m: [35mPOST http://localhost:3000/api/auth/verify-email 200 - 21ms[39m
2025-11-22 13:28:56 [INFO]: 📧 Sending email:
{
  "to": "afiffa568@gmail.com",
  "subject": "Verify Your Email Address",
  "actualRecipient": "dev@lmsplatform.com"
}
2025-11-22 13:28:56 [INFO]: ✅ Email server connection verified
2025-11-22 13:28:58 [INFO]: ✅ Email sent successfully
{
  "messageId": "<a2bcad51-2a92-e302-abd7-a8447e113df4@gmail.com>",
  "to": "dev@lmsplatform.com",
  "subject": "Verify Your Email Address"
}
2025-11-22 13:29:43 [INFO]: 📧 Sending email:
{
  "to": "afiffa568@gmail.com",
  "subject": "Verify Your Email Address",
  "actualRecipient": "dev@lmsplatform.com"
}
2025-11-22 13:29:45 [INFO]: ✅ Email sent successfully
{
  "messageId": "<df7f6ebb-2d8a-f160-82bd-c4aa5baf90cf@gmail.com>",
  "to": "dev@lmsplatform.com",
  "subject": "Verify Your Email Address"
}
2025-11-22 13:36:15 [INFO]: ✅ Email server connection verified
2025-11-22 13:42:28 [INFO]: ✅ Email server connection verified
2025-11-22 13:45:09 [INFO]: 📧 Sending email:
{
  "to": "afiffa568@gmail.com",
  "subject": "Reset Your Password",
  "actualRecipient": "dev@lmsplatform.com"
}
2025-11-22 13:45:10 [INFO]: ✅ Email server connection verified
2025-11-22 13:45:11 [INFO]: ✅ Email sent successfully
{
  "messageId": "<34f14208-2b4e-207f-29a1-98a1cffe9e67@gmail.com>",
  "to": "dev@lmsplatform.com",
  "subject": "Reset Your Password"
}
2025-11-22 13:57:10 [INFO]: 📧 Sending email:
{
  "to": "afiffa568@gmail.com",
  "subject": "Reset Your Password",
  "actualRecipient": "dev@lmsplatform.com"
}
2025-11-22 13:57:12 [INFO]: ✅ Email server connection verified
2025-11-22 13:57:14 [INFO]: ✅ Email sent successfully
{
  "messageId": "<c72f7e1a-9cfd-7d52-d779-8e3c65645b85@gmail.com>",
  "to": "dev@lmsplatform.com",
  "subject": "Reset Your Password"
}
2025-11-22 14:22:27 [INFO]: ✅ Email server connection verified
